<?xml version="1.0" encoding="UTF-8"?>
<robot generator="Robot 7.3.2 (Python 3.12.5 on darwin)" generated="2025-11-17T22:47:50.132163" rpa="false" schemaversion="5">
<suite id="s1" name="Tests" source="/Users/saraabdullahi/Desktop/ohtu-palautukset-25/viikko3/ohjelmistotuotanto-hy tehtavat main viikko3-hello-robot/src/tests">
<suite id="s1-s1" name="Increase Counter" source="/Users/saraabdullahi/Desktop/ohtu-palautukset-25/viikko3/ohjelmistotuotanto-hy tehtavat main viikko3-hello-robot/src/tests/increase_counter.robot">
<test id="s1-s1-t1" name="Increase Counter Once" line="5">
<kw name="Counter Value Should Be" owner="CounterLibrary">
<arg>0</arg>
<status status="PASS" start="2025-11-17T22:47:50.389017" elapsed="0.000328"/>
</kw>
<kw name="Increase Counter" owner="CounterLibrary">
<status status="PASS" start="2025-11-17T22:47:50.389870" elapsed="0.000208"/>
</kw>
<kw name="Counter Value Should Be" owner="CounterLibrary">
<arg>1</arg>
<status status="PASS" start="2025-11-17T22:47:50.390336" elapsed="0.000175"/>
</kw>
<status status="PASS" start="2025-11-17T22:47:50.267548" elapsed="0.123209"/>
</test>
<test id="s1-s1-t2" name="Increase Counter Many Times" line="10">
<kw name="Counter Value Should Be" owner="CounterLibrary">
<arg>0</arg>
<status status="PASS" start="2025-11-17T22:47:50.393245" elapsed="0.000889"/>
</kw>
<kw name="Increase Counter" owner="CounterLibrary">
<status status="PASS" start="2025-11-17T22:47:50.394467" elapsed="0.000686"/>
</kw>
<kw name="Increase Counter" owner="CounterLibrary">
<status status="PASS" start="2025-11-17T22:47:50.395368" elapsed="0.000173"/>
</kw>
<kw name="Increase Counter" owner="CounterLibrary">
<status status="PASS" start="2025-11-17T22:47:50.395731" elapsed="0.000103"/>
</kw>
<kw name="Counter Value Should Be" owner="CounterLibrary">
<arg>3</arg>
<status status="PASS" start="2025-11-17T22:47:50.396284" elapsed="0.000411"/>
</kw>
<status status="PASS" start="2025-11-17T22:47:50.391068" elapsed="0.006146"/>
</test>
<test id="s1-s1-t3" name="Increment Counter By Amount" line="17">
<kw name="Counter Value Should Be" owner="CounterLibrary">
<arg>0</arg>
<status status="PASS" start="2025-11-17T22:47:50.398072" elapsed="0.000242"/>
</kw>
<kw name="Increment Counter By" owner="CounterLibrary">
<arg>5</arg>
<status status="PASS" start="2025-11-17T22:47:50.398523" elapsed="0.000156"/>
</kw>
<kw name="Counter Value Should Be" owner="CounterLibrary">
<arg>5</arg>
<status status="PASS" start="2025-11-17T22:47:50.398877" elapsed="0.000152"/>
</kw>
<status status="PASS" start="2025-11-17T22:47:50.397549" elapsed="0.001732"/>
</test>
<status status="PASS" start="2025-11-17T22:47:50.215806" elapsed="0.184100"/>
</suite>
<suite id="s1-s2" name="Reset Counter" source="/Users/saraabdullahi/Desktop/ohtu-palautukset-25/viikko3/ohjelmistotuotanto-hy tehtavat main viikko3-hello-robot/src/tests/reset_counter.robot">
<test id="s1-s2-t1" name="Reset Counter After One Increment" line="5">
<kw name="Counter Value Should Be" owner="CounterLibrary">
<arg>0</arg>
<status status="PASS" start="2025-11-17T22:47:50.404289" elapsed="0.000247"/>
</kw>
<kw name="Increase Counter" owner="CounterLibrary">
<status status="PASS" start="2025-11-17T22:47:50.404951" elapsed="0.000144"/>
</kw>
<kw name="Counter Value Should Be" owner="CounterLibrary">
<arg>1</arg>
<status status="PASS" start="2025-11-17T22:47:50.405284" elapsed="0.000375"/>
</kw>
<kw name="Reset Counter" owner="CounterLibrary">
<status status="PASS" start="2025-11-17T22:47:50.405927" elapsed="0.000204"/>
</kw>
<kw name="Counter Value Should Be" owner="CounterLibrary">
<arg>0</arg>
<status status="PASS" start="2025-11-17T22:47:50.406384" elapsed="0.000189"/>
</kw>
<status status="PASS" start="2025-11-17T22:47:50.403611" elapsed="0.003209"/>
</test>
<test id="s1-s2-t2" name="Reset Counter After Several Increments" line="12">
<kw name="Counter Value Should Be" owner="CounterLibrary">
<arg>0</arg>
<status status="PASS" start="2025-11-17T22:47:50.407858" elapsed="0.001515"/>
</kw>
<kw name="Increment Counter By" owner="CounterLibrary">
<arg>5</arg>
<status status="PASS" start="2025-11-17T22:47:50.409640" elapsed="0.000186"/>
</kw>
<kw name="Counter Value Should Be" owner="CounterLibrary">
<arg>5</arg>
<status status="PASS" start="2025-11-17T22:47:50.410170" elapsed="0.000137"/>
</kw>
<kw name="Reset Counter" owner="CounterLibrary">
<status status="PASS" start="2025-11-17T22:47:50.410485" elapsed="0.000113"/>
</kw>
<kw name="Counter Value Should Be" owner="CounterLibrary">
<arg>0</arg>
<status status="PASS" start="2025-11-17T22:47:50.410816" elapsed="0.000110"/>
</kw>
<status status="PASS" start="2025-11-17T22:47:50.407156" elapsed="0.004019"/>
</test>
<status status="PASS" start="2025-11-17T22:47:50.400772" elapsed="0.011371"/>
</suite>
<status status="PASS" start="2025-11-17T22:47:50.135881" elapsed="0.277501"/>
</suite>
<statistics>
<total>
<stat pass="5" fail="0" skip="0">All Tests</stat>
</total>
<tag>
</tag>
<suite>
<stat name="Tests" id="s1" pass="5" fail="0" skip="0">Tests</stat>
<stat name="Increase Counter" id="s1-s1" pass="3" fail="0" skip="0">Tests.Increase Counter</stat>
<stat name="Reset Counter" id="s1-s2" pass="2" fail="0" skip="0">Tests.Reset Counter</stat>
</suite>
</statistics>
<errors>
</errors>
</robot>
